[24Dec2025 11:48:42.463] [main/INFO] [cpw.mods.modlauncher.Launcher/MODLAUNCHER]: ModLauncher running: args [--launchTarget, forgeclientdev, --version, 21.1.216, --assetIndex, 17, --assetsDir, C:\\Users\\User\\.gradle\\caches\\neoformruntime\\assets, --gameDir, ., --fml.fmlVersion, 4.0.42, --fml.mcVersion, 1.21.1, --fml.neoForgeVersion, 21.1.216, --fml.neoFormVersion, 20240808.144430]
[24Dec2025 11:48:42.469] [main/INFO] [cpw.mods.modlauncher.Launcher/MODLAUNCHER]: JVM identified as Microsoft OpenJDK 64-Bit Server VM 21.0.9+10-LTS
[24Dec2025 11:48:42.472] [main/INFO] [cpw.mods.modlauncher.Launcher/MODLAUNCHER]: ModLauncher 11.0.5+main.901c6ea8 starting: java version 21.0.9 by Microsoft; OS Windows 11 arch amd64 version 10.0
[24Dec2025 11:48:42.694] [main/INFO] [net.neoforged.fml.loading.ImmediateWindowHandler/]: Loading ImmediateWindowProvider fmlearlywindow
[24Dec2025 11:48:42.927] [main/INFO] [EARLYDISPLAY/]: Trying GL version 4.6
[24Dec2025 11:48:43.230] [main/INFO] [EARLYDISPLAY/]: Requested GL version 4.6 got version 4.6
[24Dec2025 11:48:43.599] [main/INFO] [mixin/]: SpongePowered MIXIN Subsystem Version=0.8.7 Source=union:/C:/Users/User/.gradle/caches/modules-2/files-2.1/net.fabricmc/sponge-mixin/0.15.2+mixin.0.8.7/2af2f021d8e02a0220dc27a7a72b4666d66d44ca/sponge-mixin-0.15.2+mixin.0.8.7.jar%23138!/ Service=ModLauncher Env=CLIENT
[24Dec2025 11:48:43.740] [pool-2-thread-1/INFO] [EARLYDISPLAY/]: GL info: NVIDIA GeForce RTX 2060/PCIe/SSE2 GL version 4.6.0 NVIDIA 581.15, NVIDIA Corporation
[24Dec2025 11:48:44.309] [main/INFO] [net.neoforged.fml.loading.moddiscovery.locators.JarInJarDependencyLocator/]: Found 2 dependencies adding them to mods collection
[24Dec2025 11:48:44.312] [main/INFO] [net.neoforged.fml.loading.moddiscovery.ModDiscoverer/]: 
     Mod List:
		Name Version (Mod Id)

		Minecraft 1.21.1 (minecraft)
		NeoForge 21.1.216 (neoforge)
		Under a Jade Tree 0.0.1 (under_a_jade_tree)
[24Dec2025 11:48:46.485] [main/INFO] [mixin/]: Compatibility level set to JAVA_17
[24Dec2025 11:48:46.499] [main/INFO] [cpw.mods.modlauncher.LaunchServiceHandler/MODLAUNCHER]: Launching target 'forgeclientdev' with arguments [--version, 21.1.216, --gameDir, ., --assetsDir, C:\Users\User\.gradle\caches\neoformruntime\assets, --assetIndex, 17]
[24Dec2025 11:48:49.507] [Datafixer Bootstrap/INFO] [com.mojang.datafixers.DataFixerBuilder/]: 229 Datafixer optimizations took 601 milliseconds
[24Dec2025 11:48:49.797] [pool-7-thread-1/INFO] [MixinExtras|Service/]: Initializing MixinExtras via com.llamalad7.mixinextras.service.MixinExtrasServiceImpl(version=0.5.0).
[24Dec2025 11:48:58.271] [main/WARN] [net.minecraft.commands.Commands/]: Ambiguity between arguments [teleport, location] and [teleport, destination] with inputs: [0.1 -0.5 .9, 0 0 0]
[24Dec2025 11:48:58.273] [main/WARN] [net.minecraft.commands.Commands/]: Ambiguity between arguments [teleport, location] and [teleport, targets] with inputs: [0.1 -0.5 .9, 0 0 0]
[24Dec2025 11:48:58.278] [main/WARN] [net.minecraft.commands.Commands/]: Ambiguity between arguments [teleport, destination] and [teleport, targets] with inputs: [Player, 0123, @e, dd12be42-52a9-4a91-a8a1-11c01849e498]
[24Dec2025 11:48:58.280] [main/WARN] [net.minecraft.commands.Commands/]: Ambiguity between arguments [teleport, targets] and [teleport, destination] with inputs: [Player, 0123, dd12be42-52a9-4a91-a8a1-11c01849e498]
[24Dec2025 11:48:58.281] [main/WARN] [net.minecraft.commands.Commands/]: Ambiguity between arguments [teleport, targets, location] and [teleport, targets, destination] with inputs: [0.1 -0.5 .9, 0 0 0]
[24Dec2025 11:48:58.545] [Render thread/WARN] [net.minecraft.server.packs.VanillaPackResourcesBuilder/]: Assets URL 'union:/E:/GitHub/minecraft-mod/Under%20a%20Jade%20Tree/build/moddev/artifacts/neoforge-21.1.216.jar%23189!/assets/.mcassetsroot' uses unexpected schema
[24Dec2025 11:48:58.546] [Render thread/WARN] [net.minecraft.server.packs.VanillaPackResourcesBuilder/]: Assets URL 'union:/E:/GitHub/minecraft-mod/Under%20a%20Jade%20Tree/build/moddev/artifacts/neoforge-21.1.216.jar%23189!/data/.mcassetsroot' uses unexpected schema
[24Dec2025 11:48:58.597] [Render thread/INFO] [com.mojang.authlib.yggdrasil.YggdrasilAuthenticationService/]: Environment: Environment[sessionHost=https://sessionserver.mojang.com, servicesHost=https://api.minecraftservices.com, name=PROD]
[24Dec2025 11:48:58.619] [Render thread/INFO] [net.minecraft.client.Minecraft/]: Setting user: Dev
[24Dec2025 11:48:58.926] [Render thread/INFO] [net.minecraft.client.Minecraft/]: Backend library: LWJGL version 3.3.3+5
[24Dec2025 11:48:59.600] [modloading-worker-0/INFO] [net.neoforged.neoforge.common.NeoForgeMod/NEOFORGE-MOD]: NeoForge mod loading, version 21.1.216, for MC 1.21.1
[24Dec2025 11:49:01.031] [Render thread/INFO] [net.neoforged.neoforge.gametest.GameTestHooks/]: Enabled Gametest Namespaces: [under_a_jade_tree]
[24Dec2025 11:49:01.266] [Render thread/INFO] [net.minecraft.server.packs.resources.ReloadableResourceManager/]: Reloading ResourceManager: vanilla, mod_resources, mod/under_a_jade_tree, mod/neoforge
[24Dec2025 11:49:01.284] [Worker-Main-1/INFO] [org.housearhal.under_a_jade_tree.UnderAJadeTree/]: HELLO FROM COMMON SETUP
[24Dec2025 11:49:01.285] [Worker-Main-1/INFO] [org.housearhal.under_a_jade_tree.UnderAJadeTree/]: DIRT BLOCK >> minecraft:dirt
[24Dec2025 11:49:01.285] [Worker-Main-1/INFO] [org.housearhal.under_a_jade_tree.UnderAJadeTree/]: The magic number is... 42
[24Dec2025 11:49:01.286] [Worker-Main-1/INFO] [org.housearhal.under_a_jade_tree.UnderAJadeTree/]: ITEM >> minecraft:iron_ingot
[24Dec2025 11:49:01.478] [Worker-Main-6/INFO] [net.minecraft.client.gui.font.providers.UnihexProvider/]: Found unifont_all_no_pua-15.1.05.hex, loading
[24Dec2025 11:49:01.823] [Worker-Main-5/INFO] [net.minecraft.client.gui.font.providers.UnihexProvider/]: Found unifont_jp_patch-15.1.05.hex, loading
[24Dec2025 11:49:02.038] [Worker-Main-8/INFO] [org.housearhal.under_a_jade_tree.UnderAJadeTree/]: HELLO FROM CLIENT SETUP
[24Dec2025 11:49:02.038] [Worker-Main-8/INFO] [org.housearhal.under_a_jade_tree.UnderAJadeTree/]: MINECRAFT NAME >> Dev
[24Dec2025 11:49:03.079] [Worker-Main-9/WARN] [net.minecraft.client.resources.model.BlockStateModelLoader/]: Exception loading blockstate definition: 'under_a_jade_tree:blockstates/jadewood_log.json' missing model for variant: 'under_a_jade_tree:jadewood_log#axis=z'
[24Dec2025 11:49:03.079] [Worker-Main-9/WARN] [net.minecraft.client.resources.model.BlockStateModelLoader/]: Exception loading blockstate definition: 'under_a_jade_tree:blockstates/jadewood_log.json' missing model for variant: 'under_a_jade_tree:jadewood_log#axis=x'
[24Dec2025 11:49:03.080] [Worker-Main-9/WARN] [net.minecraft.client.resources.model.BlockStateModelLoader/]: Exception loading blockstate definition: 'under_a_jade_tree:blockstates/jadewood_log.json' missing model for variant: 'under_a_jade_tree:jadewood_log#axis=y'
[24Dec2025 11:49:03.080] [Worker-Main-9/WARN] [net.minecraft.client.resources.model.BlockStateModelLoader/]: Exception loading blockstate definition: 'under_a_jade_tree:blockstates/jadewood_wood.json' missing model for variant: 'under_a_jade_tree:jadewood_wood#axis=x'
[24Dec2025 11:49:03.080] [Worker-Main-9/WARN] [net.minecraft.client.resources.model.BlockStateModelLoader/]: Exception loading blockstate definition: 'under_a_jade_tree:blockstates/jadewood_wood.json' missing model for variant: 'under_a_jade_tree:jadewood_wood#axis=z'
[24Dec2025 11:49:03.080] [Worker-Main-9/WARN] [net.minecraft.client.resources.model.BlockStateModelLoader/]: Exception loading blockstate definition: 'under_a_jade_tree:blockstates/jadewood_wood.json' missing model for variant: 'under_a_jade_tree:jadewood_wood#axis=y'
[24Dec2025 11:49:03.080] [Worker-Main-9/WARN] [net.minecraft.client.resources.model.BlockStateModelLoader/]: Exception loading blockstate definition: 'under_a_jade_tree:blockstates/jadewood_leaves.json' missing model for variant: 'under_a_jade_tree:jadewood_leaves#distance=5,persistent=false,waterlogged=true'
[24Dec2025 11:49:03.080] [Worker-Main-9/WARN] [net.minecraft.client.resources.model.BlockStateModelLoader/]: Exception loading blockstate definition: 'under_a_jade_tree:blockstates/jadewood_leaves.json' missing model for variant: 'under_a_jade_tree:jadewood_leaves#distance=2,persistent=false,waterlogged=true'
[24Dec2025 11:49:03.080] [Worker-Main-9/WARN] [net.minecraft.client.resources.model.BlockStateModelLoader/]: Exception loading blockstate definition: 'under_a_jade_tree:blockstates/jadewood_leaves.json' missing model for variant: 'under_a_jade_tree:jadewood_leaves#distance=2,persistent=true,waterlogged=false'
[24Dec2025 11:49:03.080] [Worker-Main-9/WARN] [net.minecraft.client.resources.model.BlockStateModelLoader/]: Exception loading blockstate definition: 'under_a_jade_tree:blockstates/jadewood_leaves.json' missing model for variant: 'under_a_jade_tree:jadewood_leaves#distance=3,persistent=true,waterlogged=false'
[24Dec2025 11:49:03.081] [Worker-Main-9/WARN] [net.minecraft.client.resources.model.BlockStateModelLoader/]: Exception loading blockstate definition: 'under_a_jade_tree:blockstates/jadewood_leaves.json' missing model for variant: 'under_a_jade_tree:jadewood_leaves#distance=5,persistent=false,waterlogged=false'
[24Dec2025 11:49:03.081] [Worker-Main-9/WARN] [net.minecraft.client.resources.model.BlockStateModelLoader/]: Exception loading blockstate definition: 'under_a_jade_tree:blockstates/jadewood_leaves.json' missing model for variant: 'under_a_jade_tree:jadewood_leaves#distance=1,persistent=false,waterlogged=false'
[24Dec2025 11:49:03.081] [Worker-Main-9/WARN] [net.minecraft.client.resources.model.BlockStateModelLoader/]: Exception loading blockstate definition: 'under_a_jade_tree:blockstates/jadewood_leaves.json' missing model for variant: 'under_a_jade_tree:jadewood_leaves#distance=3,persistent=false,waterlogged=true'
[24Dec2025 11:49:03.081] [Worker-Main-9/WARN] [net.minecraft.client.resources.model.BlockStateModelLoader/]: Exception loading blockstate definition: 'under_a_jade_tree:blockstates/jadewood_leaves.json' missing model for variant: 'under_a_jade_tree:jadewood_leaves#distance=7,persistent=true,waterlogged=false'
[24Dec2025 11:49:03.081] [Worker-Main-9/WARN] [net.minecraft.client.resources.model.BlockStateModelLoader/]: Exception loading blockstate definition: 'under_a_jade_tree:blockstates/jadewood_leaves.json' missing model for variant: 'under_a_jade_tree:jadewood_leaves#distance=3,persistent=false,waterlogged=false'
[24Dec2025 11:49:03.081] [Worker-Main-9/WARN] [net.minecraft.client.resources.model.BlockStateModelLoader/]: Exception loading blockstate definition: 'under_a_jade_tree:blockstates/jadewood_leaves.json' missing model for variant: 'under_a_jade_tree:jadewood_leaves#distance=5,persistent=true,waterlogged=false'
[24Dec2025 11:49:03.081] [Worker-Main-9/WARN] [net.minecraft.client.resources.model.BlockStateModelLoader/]: Exception loading blockstate definition: 'under_a_jade_tree:blockstates/jadewood_leaves.json' missing model for variant: 'under_a_jade_tree:jadewood_leaves#distance=7,persistent=false,waterlogged=false'
[24Dec2025 11:49:03.081] [Worker-Main-9/WARN] [net.minecraft.client.resources.model.BlockStateModelLoader/]: Exception loading blockstate definition: 'under_a_jade_tree:blockstates/jadewood_leaves.json' missing model for variant: 'under_a_jade_tree:jadewood_leaves#distance=1,persistent=true,waterlogged=false'
[24Dec2025 11:49:03.082] [Worker-Main-9/WARN] [net.minecraft.client.resources.model.BlockStateModelLoader/]: Exception loading blockstate definition: 'under_a_jade_tree:blockstates/jadewood_leaves.json' missing model for variant: 'under_a_jade_tree:jadewood_leaves#distance=4,persistent=true,waterlogged=false'
[24Dec2025 11:49:03.082] [Worker-Main-9/WARN] [net.minecraft.client.resources.model.BlockStateModelLoader/]: Exception loading blockstate definition: 'under_a_jade_tree:blockstates/jadewood_leaves.json' missing model for variant: 'under_a_jade_tree:jadewood_leaves#distance=6,persistent=false,waterlogged=true'
[24Dec2025 11:49:03.082] [Worker-Main-9/WARN] [net.minecraft.client.resources.model.BlockStateModelLoader/]: Exception loading blockstate definition: 'under_a_jade_tree:blockstates/jadewood_leaves.json' missing model for variant: 'under_a_jade_tree:jadewood_leaves#distance=1,persistent=false,waterlogged=true'
[24Dec2025 11:49:03.082] [Worker-Main-9/WARN] [net.minecraft.client.resources.model.BlockStateModelLoader/]: Exception loading blockstate definition: 'under_a_jade_tree:blockstates/jadewood_leaves.json' missing model for variant: 'under_a_jade_tree:jadewood_leaves#distance=4,persistent=true,waterlogged=true'
[24Dec2025 11:49:03.082] [Worker-Main-9/WARN] [net.minecraft.client.resources.model.BlockStateModelLoader/]: Exception loading blockstate definition: 'under_a_jade_tree:blockstates/jadewood_leaves.json' missing model for variant: 'under_a_jade_tree:jadewood_leaves#distance=2,persistent=false,waterlogged=false'
[24Dec2025 11:49:03.082] [Worker-Main-9/WARN] [net.minecraft.client.resources.model.BlockStateModelLoader/]: Exception loading blockstate definition: 'under_a_jade_tree:blockstates/jadewood_leaves.json' missing model for variant: 'under_a_jade_tree:jadewood_leaves#distance=3,persistent=true,waterlogged=true'
[24Dec2025 11:49:03.082] [Worker-Main-9/WARN] [net.minecraft.client.resources.model.BlockStateModelLoader/]: Exception loading blockstate definition: 'under_a_jade_tree:blockstates/jadewood_leaves.json' missing model for variant: 'under_a_jade_tree:jadewood_leaves#distance=1,persistent=true,waterlogged=true'
[24Dec2025 11:49:03.083] [Worker-Main-9/WARN] [net.minecraft.client.resources.model.BlockStateModelLoader/]: Exception loading blockstate definition: 'under_a_jade_tree:blockstates/jadewood_leaves.json' missing model for variant: 'under_a_jade_tree:jadewood_leaves#distance=6,persistent=false,waterlogged=false'
[24Dec2025 11:49:03.083] [Worker-Main-9/WARN] [net.minecraft.client.resources.model.BlockStateModelLoader/]: Exception loading blockstate definition: 'under_a_jade_tree:blockstates/jadewood_leaves.json' missing model for variant: 'under_a_jade_tree:jadewood_leaves#distance=7,persistent=true,waterlogged=true'
[24Dec2025 11:49:03.083] [Worker-Main-9/WARN] [net.minecraft.client.resources.model.BlockStateModelLoader/]: Exception loading blockstate definition: 'under_a_jade_tree:blockstates/jadewood_leaves.json' missing model for variant: 'under_a_jade_tree:jadewood_leaves#distance=7,persistent=false,waterlogged=true'
[24Dec2025 11:49:03.083] [Worker-Main-9/WARN] [net.minecraft.client.resources.model.BlockStateModelLoader/]: Exception loading blockstate definition: 'under_a_jade_tree:blockstates/jadewood_leaves.json' missing model for variant: 'under_a_jade_tree:jadewood_leaves#distance=2,persistent=true,waterlogged=true'
[24Dec2025 11:49:03.083] [Worker-Main-9/WARN] [net.minecraft.client.resources.model.BlockStateModelLoader/]: Exception loading blockstate definition: 'under_a_jade_tree:blockstates/jadewood_leaves.json' missing model for variant: 'under_a_jade_tree:jadewood_leaves#distance=4,persistent=false,waterlogged=false'
[24Dec2025 11:49:03.083] [Worker-Main-9/WARN] [net.minecraft.client.resources.model.BlockStateModelLoader/]: Exception loading blockstate definition: 'under_a_jade_tree:blockstates/jadewood_leaves.json' missing model for variant: 'under_a_jade_tree:jadewood_leaves#distance=6,persistent=true,waterlogged=true'
[24Dec2025 11:49:03.083] [Worker-Main-9/WARN] [net.minecraft.client.resources.model.BlockStateModelLoader/]: Exception loading blockstate definition: 'under_a_jade_tree:blockstates/jadewood_leaves.json' missing model for variant: 'under_a_jade_tree:jadewood_leaves#distance=5,persistent=true,waterlogged=true'
[24Dec2025 11:49:03.083] [Worker-Main-9/WARN] [net.minecraft.client.resources.model.BlockStateModelLoader/]: Exception loading blockstate definition: 'under_a_jade_tree:blockstates/jadewood_leaves.json' missing model for variant: 'under_a_jade_tree:jadewood_leaves#distance=4,persistent=false,waterlogged=true'
[24Dec2025 11:49:03.084] [Worker-Main-9/WARN] [net.minecraft.client.resources.model.BlockStateModelLoader/]: Exception loading blockstate definition: 'under_a_jade_tree:blockstates/jadewood_leaves.json' missing model for variant: 'under_a_jade_tree:jadewood_leaves#distance=6,persistent=true,waterlogged=false'
[24Dec2025 11:49:03.084] [Worker-Main-9/WARN] [net.minecraft.client.resources.model.BlockStateModelLoader/]: Exception loading blockstate definition: 'under_a_jade_tree:blockstates/jadewood_sapling.json' missing model for variant: 'under_a_jade_tree:jadewood_sapling#stage=1'
[24Dec2025 11:49:03.084] [Worker-Main-9/WARN] [net.minecraft.client.resources.model.BlockStateModelLoader/]: Exception loading blockstate definition: 'under_a_jade_tree:blockstates/jadewood_sapling.json' missing model for variant: 'under_a_jade_tree:jadewood_sapling#stage=0'
[24Dec2025 11:49:03.088] [Worker-Main-9/WARN] [net.minecraft.client.resources.model.ModelBakery/]: Unable to load model: 'under_a_jade_tree:item/jadewood_sapling' referenced from: under_a_jade_tree:item/jadewood_sapling: java.io.FileNotFoundException: under_a_jade_tree:models/item/jadewood_sapling.json
[24Dec2025 11:49:03.091] [Worker-Main-9/WARN] [net.minecraft.client.resources.model.ModelBakery/]: Unable to load model: 'under_a_jade_tree:item/jadewood_leaves' referenced from: under_a_jade_tree:item/jadewood_leaves: java.io.FileNotFoundException: under_a_jade_tree:models/item/jadewood_leaves.json
[24Dec2025 11:49:03.091] [Worker-Main-9/WARN] [net.minecraft.client.resources.model.ModelBakery/]: Unable to load model: 'under_a_jade_tree:item/jadewood_log' referenced from: under_a_jade_tree:item/jadewood_log: java.io.FileNotFoundException: under_a_jade_tree:models/item/jadewood_log.json
[24Dec2025 11:49:03.092] [Worker-Main-9/WARN] [net.minecraft.client.resources.model.ModelBakery/]: Unable to load model: 'under_a_jade_tree:item/jadewood_wood' referenced from: under_a_jade_tree:item/jadewood_wood: java.io.FileNotFoundException: under_a_jade_tree:models/item/jadewood_wood.json
[24Dec2025 11:49:03.812] [Worker-Main-9/WARN] [net.minecraft.client.resources.model.ModelManager/]: Missing textures in model under_a_jade_tree:raw_jade#inventory:
    minecraft:textures/atlas/blocks.png:under_a_jade_tree:item/raw_jade
[24Dec2025 11:49:03.812] [Worker-Main-9/WARN] [net.minecraft.client.resources.model.ModelManager/]: Missing textures in model under_a_jade_tree:jade#inventory:
    minecraft:textures/atlas/blocks.png:under_a_jade_tree:item/jade
[24Dec2025 11:49:04.078] [Render thread/WARN] [net.minecraft.client.sounds.SoundEngine/]: Missing sound for event: minecraft:item.goat_horn.play
[24Dec2025 11:49:04.079] [Render thread/WARN] [net.minecraft.client.sounds.SoundEngine/]: Missing sound for event: minecraft:entity.goat.screaming.horn_break
[24Dec2025 11:49:04.170] [Render thread/INFO] [com.mojang.blaze3d.audio.Library/]: OpenAL initialized on device OpenAL Soft on Auricolare e microtelefono (CORSAIR VIRTUOSO Wireless Gaming Headset)
[24Dec2025 11:49:04.172] [Render thread/INFO] [net.minecraft.client.sounds.SoundEngine/SOUNDS]: Sound engine started
[24Dec2025 11:49:04.316] [Render thread/INFO] [net.minecraft.client.renderer.texture.TextureAtlas/]: Created: 1024x512x4 minecraft:textures/atlas/blocks.png-atlas
[24Dec2025 11:49:04.332] [Render thread/INFO] [net.minecraft.client.renderer.texture.TextureAtlas/]: Created: 256x256x4 minecraft:textures/atlas/signs.png-atlas
[24Dec2025 11:49:04.333] [Render thread/INFO] [net.minecraft.client.renderer.texture.TextureAtlas/]: Created: 512x512x4 minecraft:textures/atlas/shield_patterns.png-atlas
[24Dec2025 11:49:04.334] [Render thread/INFO] [net.minecraft.client.renderer.texture.TextureAtlas/]: Created: 512x512x4 minecraft:textures/atlas/banner_patterns.png-atlas
[24Dec2025 11:49:04.335] [Render thread/INFO] [net.minecraft.client.renderer.texture.TextureAtlas/]: Created: 1024x1024x4 minecraft:textures/atlas/armor_trims.png-atlas
[24Dec2025 11:49:04.340] [Render thread/INFO] [net.minecraft.client.renderer.texture.TextureAtlas/]: Created: 256x256x4 minecraft:textures/atlas/chest.png-atlas
[24Dec2025 11:49:04.341] [Render thread/INFO] [net.minecraft.client.renderer.texture.TextureAtlas/]: Created: 128x64x4 minecraft:textures/atlas/decorated_pot.png-atlas
[24Dec2025 11:49:04.341] [Render thread/INFO] [net.minecraft.client.renderer.texture.TextureAtlas/]: Created: 512x256x4 minecraft:textures/atlas/shulker_boxes.png-atlas
[24Dec2025 11:49:04.341] [Render thread/INFO] [net.minecraft.client.renderer.texture.TextureAtlas/]: Created: 512x256x4 minecraft:textures/atlas/beds.png-atlas
[24Dec2025 11:49:04.696] [Render thread/INFO] [net.minecraft.client.renderer.texture.TextureAtlas/]: Created: 512x256x0 minecraft:textures/atlas/particles.png-atlas
[24Dec2025 11:49:04.698] [Render thread/INFO] [net.minecraft.client.renderer.texture.TextureAtlas/]: Created: 512x256x0 minecraft:textures/atlas/paintings.png-atlas
[24Dec2025 11:49:04.698] [Render thread/INFO] [net.minecraft.client.renderer.texture.TextureAtlas/]: Created: 256x128x0 minecraft:textures/atlas/mob_effects.png-atlas
[24Dec2025 11:49:04.699] [Render thread/INFO] [net.minecraft.client.renderer.texture.TextureAtlas/]: Created: 64x64x0 minecraft:textures/atlas/map_decorations.png-atlas
[24Dec2025 11:49:04.699] [Render thread/INFO] [net.minecraft.client.renderer.texture.TextureAtlas/]: Created: 1024x512x0 minecraft:textures/atlas/gui.png-atlas
[24Dec2025 11:49:04.737] [Render thread/WARN] [net.minecraft.client.renderer.ShaderInstance/]: Shader rendertype_entity_translucent_emissive could not find sampler named Sampler2 in the specified shader program.
[24Dec2025 11:49:04.830] [Render thread/INFO] [net.neoforged.neoforge.client.entity.animation.json.AnimationLoader/]: Loaded 0 entity animations
[24Dec2025 11:49:15.756] [Render thread/INFO] [net.minecraft.world.item.crafting.RecipeManager/]: Loaded 1290 recipes
[24Dec2025 11:49:16.076] [Render thread/INFO] [net.minecraft.advancements.AdvancementTree/]: Loaded 1399 advancements
[24Dec2025 11:49:16.742] [Server thread/INFO] [net.minecraft.client.server.IntegratedServer/]: Starting integrated minecraft server version 1.21.1
[24Dec2025 11:49:16.742] [Server thread/INFO] [net.minecraft.server.MinecraftServer/]: Generating keypair
[24Dec2025 11:49:18.398] [Server thread/INFO] [net.minecraft.server.MinecraftServer/]: Preparing start region for dimension minecraft:overworld
[24Dec2025 11:49:18.863] [progressListener/INFO] [net.minecraft.server.level.progress.LoggerChunkProgressListener/]: Preparing spawn area: 0%
[24Dec2025 11:49:18.904] [progressListener/INFO] [net.minecraft.server.level.progress.LoggerChunkProgressListener/]: Preparing spawn area: 0%
[24Dec2025 11:49:19.106] [progressListener/INFO] [net.minecraft.server.level.progress.LoggerChunkProgressListener/]: Time elapsed: 701 ms
[24Dec2025 11:49:19.107] [Server thread/INFO] [net.neoforged.neoforge.server.permission.PermissionAPI/]: Successfully initialized permission handler neoforge:default_handler
[24Dec2025 11:49:19.108] [Server thread/INFO] [org.housearhal.under_a_jade_tree.UnderAJadeTree/]: HELLO from server starting
[24Dec2025 11:49:19.247] [Server thread/INFO] [net.minecraft.client.server.IntegratedServer/]: Changing view distance to 12, from 10
[24Dec2025 11:49:19.247] [Server thread/INFO] [net.minecraft.client.server.IntegratedServer/]: Changing simulation distance to 12, from 0
[24Dec2025 11:49:20.481] [Server thread/INFO] [net.minecraft.server.players.PlayerList/]: Dev[local:E:3c0c50b3] logged in with entity id 41 at (0.8169456652786741, -63.0, -58.601684025471144)
[24Dec2025 11:49:20.628] [Server thread/INFO] [net.minecraft.server.MinecraftServer/]: Dev joined the game
[24Dec2025 11:49:22.945] [Render thread/INFO] [net.minecraft.advancements.AdvancementTree/]: Loaded 79 advancements
[24Dec2025 12:01:10.812] [Server thread/INFO] [net.minecraft.client.server.IntegratedServer/]: Saving and pausing game...
[24Dec2025 12:01:10.829] [Server thread/INFO] [net.minecraft.server.MinecraftServer/]: Saving chunks for level 'ServerLevel[New World]'/minecraft:overworld
[24Dec2025 12:01:10.856] [Server thread/INFO] [net.minecraft.server.MinecraftServer/]: Saving chunks for level 'ServerLevel[New World]'/minecraft:the_end
[24Dec2025 12:01:10.858] [Server thread/INFO] [net.minecraft.server.MinecraftServer/]: Saving chunks for level 'ServerLevel[New World]'/minecraft:the_nether
[24Dec2025 13:35:45.760] [Server thread/INFO] [net.minecraft.client.server.IntegratedServer/]: Saving and pausing game...
[24Dec2025 13:35:45.777] [Server thread/INFO] [net.minecraft.server.MinecraftServer/]: Saving chunks for level 'ServerLevel[New World]'/minecraft:overworld
[24Dec2025 13:35:45.803] [Server thread/INFO] [net.minecraft.server.MinecraftServer/]: Saving chunks for level 'ServerLevel[New World]'/minecraft:the_end
[24Dec2025 13:35:45.804] [Server thread/INFO] [net.minecraft.server.MinecraftServer/]: Saving chunks for level 'ServerLevel[New World]'/minecraft:the_nether
